{"stage":"ingestion","status":"success","in_count":1,"out_count":1,"error_count":0,"duration_ms":1,"source_file":"tmpc0f5s4uf.pdf","ts":"2025-10-02T13:21:54Z"}
{"stage":"ingestion","status":"success","in_count":1,"out_count":1,"error_count":0,"duration_ms":67,"source_file":"tmpj3_esvyy.pdf","ts":"2025-10-02T13:25:37Z"}
{"stage":"normalization","status":"error","in_count":1,"out_count":0,"error_count":1,"duration_ms":0,"source_file":"tmpj3_esvyy.pdf","exception_type":"ValueError","message":"Missing required columns in row: {'raw_text': 'dummy pdf content for determinism test'}","ts":"2025-10-02T13:25:37Z"}
{"stage":"ingestion","status":"success","in_count":1,"out_count":1,"error_count":0,"duration_ms":0,"source_file":"tmpsu2ni04o.pdf","ts":"2025-10-02T13:25:38Z"}
{"stage":"normalization","status":"error","in_count":1,"out_count":0,"error_count":1,"duration_ms":0,"source_file":"tmpsu2ni04o.pdf","exception_type":"ValueError","message":"Missing required columns in row: {'raw_text': 'dummy pdf content for determinism test'}","ts":"2025-10-02T13:25:38Z"}
{"stage":"ingestion","status":"success","in_count":1,"out_count":3,"error_count":0,"duration_ms":62,"source_file":"sample_statement.pdf","ts":"2025-10-02T13:27:15Z"}
{"stage":"validation","status":"success","in_count":2,"out_count":2,"error_count":0,"duration_ms":1,"source_file":"sample_statement.pdf","ts":"2025-10-02T13:27:15Z"}
{"stage":"normalization","status":"success","in_count":2,"out_count":2,"error_count":0,"duration_ms":2,"source_file":"sample_statement.pdf","ts":"2025-10-02T13:27:15Z"}
{"stage":"ingestion","status":"success","in_count":1,"out_count":3,"error_count":0,"duration_ms":3,"source_file":"sample_statement.pdf","ts":"2025-10-02T13:27:15Z"}
{"stage":"validation","status":"success","in_count":2,"out_count":2,"error_count":0,"duration_ms":0,"source_file":"sample_statement.pdf","ts":"2025-10-02T13:27:15Z"}
{"stage":"normalization","status":"success","in_count":2,"out_count":2,"error_count":0,"duration_ms":0,"source_file":"sample_statement.pdf","ts":"2025-10-02T13:27:15Z"}
{"stage":"ingestion","status":"success","in_count":1,"out_count":3,"error_count":0,"duration_ms":60,"source_file":"sample_statement.pdf","ts":"2025-10-02T13:27:34Z"}
{"stage":"validation","status":"success","in_count":2,"out_count":2,"error_count":0,"duration_ms":0,"source_file":"sample_statement.pdf","ts":"2025-10-02T13:27:34Z"}
{"stage":"normalization","status":"success","in_count":2,"out_count":2,"error_count":0,"duration_ms":1,"source_file":"sample_statement.pdf","ts":"2025-10-02T13:27:34Z"}
{"stage":"ingestion","status":"success","in_count":1,"out_count":3,"error_count":0,"duration_ms":3,"source_file":"sample_statement.pdf","ts":"2025-10-02T13:27:34Z"}
{"stage":"validation","status":"success","in_count":2,"out_count":2,"error_count":0,"duration_ms":0,"source_file":"sample_statement.pdf","ts":"2025-10-02T13:27:34Z"}
{"stage":"normalization","status":"success","in_count":2,"out_count":2,"error_count":0,"duration_ms":0,"source_file":"sample_statement.pdf","ts":"2025-10-02T13:27:34Z"}
{"stage":"ingestion","status":"success","in_count":1,"out_count":3,"error_count":0,"duration_ms":1,"source_file":"sample_statement.pdf","ts":"2025-10-02T13:27:34Z"}
{"stage":"validation","status":"success","in_count":2,"out_count":2,"error_count":0,"duration_ms":0,"source_file":"sample_statement.pdf","ts":"2025-10-02T13:27:34Z"}
{"stage":"normalization","status":"success","in_count":2,"out_count":2,"error_count":0,"duration_ms":0,"source_file":"sample_statement.pdf","ts":"2025-10-02T13:27:34Z"}
{"stage":"ingestion","status":"success","in_count":1,"out_count":3,"error_count":0,"duration_ms":3,"source_file":"sample_statement.pdf","ts":"2025-10-02T13:27:34Z"}
{"stage":"validation","status":"success","in_count":2,"out_count":2,"error_count":0,"duration_ms":0,"source_file":"sample_statement.pdf","ts":"2025-10-02T13:27:34Z"}
{"stage":"normalization","status":"success","in_count":2,"out_count":2,"error_count":0,"duration_ms":1,"source_file":"sample_statement.pdf","ts":"2025-10-02T13:27:34Z"}
