{"stage":"ingestion","status":"success","in_count":1,"out_count":1,"error_count":0,"duration_ms":1,"source_file":"tmp9ggbo67q.pdf","ts":"2025-10-02T14:08:08Z"}
{"stage":"ingestion","status":"success","in_count":1,"out_count":2,"error_count":0,"duration_ms":0,"source_file":"mini.pdf","ts":"2025-10-02T14:08:08Z"}
{"stage":"ingestion","status":"success","in_count":1,"out_count":1,"error_count":0,"duration_ms":0,"source_file":"mini.jpg","ts":"2025-10-02T14:08:08Z"}
{"stage":"ingestion","status":"success","in_count":1,"out_count":3,"error_count":0,"duration_ms":4,"source_file":"sample_statement.pdf","ts":"2025-10-02T14:08:08Z"}
{"stage":"validation","status":"success","in_count":2,"out_count":2,"error_count":0,"duration_ms":0,"source_file":"sample_statement.pdf","ts":"2025-10-02T14:08:08Z"}
{"stage":"normalization","status":"success","in_count":2,"out_count":2,"error_count":0,"duration_ms":0,"source_file":"sample_statement.pdf","ts":"2025-10-02T14:08:08Z"}
{"stage":"ingestion","status":"success","in_count":1,"out_count":3,"error_count":0,"duration_ms":2,"source_file":"sample_statement.pdf","ts":"2025-10-02T14:08:08Z"}
{"stage":"validation","status":"success","in_count":2,"out_count":2,"error_count":0,"duration_ms":0,"source_file":"sample_statement.pdf","ts":"2025-10-02T14:08:08Z"}
{"stage":"normalization","status":"success","in_count":2,"out_count":2,"error_count":0,"duration_ms":0,"source_file":"sample_statement.pdf","ts":"2025-10-02T14:08:08Z"}
{"stage":"ingestion","status":"success","in_count":1,"out_count":3,"error_count":0,"duration_ms":2,"source_file":"sample_statement.pdf","ts":"2025-10-02T14:08:08Z"}
{"stage":"validation","status":"success","in_count":2,"out_count":2,"error_count":0,"duration_ms":0,"source_file":"sample_statement.pdf","ts":"2025-10-02T14:08:08Z"}
{"stage":"normalization","status":"success","in_count":2,"out_count":2,"error_count":0,"duration_ms":1,"source_file":"sample_statement.pdf","ts":"2025-10-02T14:08:08Z"}
{"stage":"ingestion","status":"success","in_count":1,"out_count":3,"error_count":0,"duration_ms":3,"source_file":"sample_statement.pdf","ts":"2025-10-02T14:08:08Z"}
{"stage":"validation","status":"success","in_count":2,"out_count":2,"error_count":0,"duration_ms":0,"source_file":"sample_statement.pdf","ts":"2025-10-02T14:08:08Z"}
{"stage":"normalization","status":"success","in_count":2,"out_count":2,"error_count":0,"duration_ms":0,"source_file":"sample_statement.pdf","ts":"2025-10-02T14:08:08Z"}
{"stage":"persistence","status":"success","in_count":1,"out_count":1,"error_count":0,"duration_ms":3,"ts":"2025-10-02T14:08:08Z"}
{"stage":"validation","status":"success","in_count":2,"out_count":2,"error_count":0,"duration_ms":0,"source_file":"statement.pdf","ts":"2025-10-02T14:08:08Z"}
{"stage":"normalization","status":"success","in_count":2,"out_count":2,"error_count":0,"duration_ms":1,"source_file":"statement.pdf","ts":"2025-10-02T14:08:08Z"}
{"stage":"validation","status":"success","in_count":2,"out_count":2,"error_count":0,"duration_ms":0,"source_file":"statement.pdf","ts":"2025-10-02T14:08:08Z"}
{"stage":"normalization","status":"success","in_count":2,"out_count":2,"error_count":0,"duration_ms":0,"source_file":"statement.pdf","ts":"2025-10-02T14:08:08Z"}
{"stage":"persistence","status":"success","in_count":3,"out_count":3,"error_count":0,"duration_ms":2,"ts":"2025-10-02T14:08:08Z"}
{"stage":"reporting","status":"success","in_count":1,"out_count":2,"error_count":0,"duration_ms":1,"ts":"2025-10-02T14:08:08Z"}
{"stage":"persistence","status":"success","in_count":3,"out_count":3,"error_count":0,"duration_ms":2,"ts":"2025-10-02T14:08:08Z"}
{"stage":"reporting","status":"success","in_count":1,"out_count":1,"error_count":0,"duration_ms":1,"ts":"2025-10-02T14:08:08Z"}
{"stage":"persistence","status":"success","in_count":2,"out_count":2,"error_count":0,"duration_ms":1,"ts":"2025-10-02T14:08:08Z"}
{"stage":"persistence","status":"success","in_count":2,"out_count":0,"error_count":0,"duration_ms":0,"ts":"2025-10-02T14:08:08Z"}
